<?xml version="1.0" encoding="UTF-8"?>
<testng-results ignored="0" total="2" passed="2" failed="0" skipped="0">
  <reporter-output>
  </reporter-output>
  <suite started-at="2022-02-23T17:13:09Z" name="Default suite" finished-at="2022-02-23T17:13:09Z" duration-ms="31">
    <groups>
    </groups>
    <test started-at="2022-02-23T17:13:09Z" name="Default test" finished-at="2022-02-23T17:13:09Z" duration-ms="31">
      <class name="qaclickacademy.SeleniumTest">
        <test-method signature="BrowserAUtomation()[pri:0, instance:qaclickacademy.SeleniumTest@6853425f]" started-at="2022-02-23T12:13:09Z" name="BrowserAUtomation" finished-at="2022-02-23T12:13:09Z" duration-ms="9" status="PASS">
          <reporter-output>
          </reporter-output>
        </test-method> <!-- BrowserAUtomation -->
        <test-method signature="elementsUi()[pri:0, instance:qaclickacademy.SeleniumTest@6853425f]" started-at="2022-02-23T12:13:09Z" name="elementsUi" finished-at="2022-02-23T12:13:09Z" duration-ms="1" status="PASS">
          <reporter-output>
          </reporter-output>
        </test-method> <!-- elementsUi -->
      </class> <!-- qaclickacademy.SeleniumTest -->
    </test> <!-- Default test -->
  </suite> <!-- Default suite -->
</testng-results>
