<?xml version="1.0" encoding="UTF-8"?>
<!-- Generated by org.testng.reporters.JUnitXMLReporter -->
<testsuite hostname="USMECEAKMAN3" ignored="0" name="Surefire test" tests="2" failures="0" timestamp="2022-02-08T14:06:17 EST" time="0.053" errors="0">
  <testcase name="postJira on postJira(qaclickacademy.RestAPITest)" time="0.012" classname="qaclickacademy.RestAPITest"/>
  <testcase name="BrowserAutomation on BrowserAutomation(qaclickacademy.SeleniumTest)" time="0.0" classname="qaclickacademy.SeleniumTest"/>
</testsuite> <!-- Surefire test -->
